{"level":"info","at":"2026-03-26T10:48:11.385Z","message":"Collector booting","data":null}
{"level":"info","at":"2026-03-26T10:48:11.386Z","message":"Starting tshark","data":{"tsharkPath":"C:\\Program Files\\Wireshark\\tshark.exe","interfaceIndex":"1","args":["-l","-n","-i","1","-f","ip and (tcp or udp)","-T","fields","-E","separator=\t","-e","frame.time_epoch","-e","ip.src","-e","ip.dst","-e","tcp.srcport","-e","tcp.dstport","-e","udp.srcport","-e","udp.dstport","-e","_ws.col.Protocol","-e","frame.len"]}}
{"level":"error","at":"2026-03-26T10:48:11.777Z","message":"tshark stderr","data":{"message":"Capturing on 'Τοπική σύνδεση* 8'"}}
{"type":"TOP_TALKER_SNAPSHOT","timestamp":"2026-03-26T10:48:41.391Z","title":"Top talkers snapshot","metadata":{"intervalSec":30,"limit":10,"items":[]}}
{"level":"error","at":"2026-03-26T10:48:41.416Z","message":"API send failed","data":{"message":"","eventType":"TOP_TALKER_SNAPSHOT"}}
{"type":"TOP_TALKER_SNAPSHOT","timestamp":"2026-03-26T10:49:11.404Z","title":"Top talkers snapshot","metadata":{"intervalSec":30,"limit":10,"items":[]}}
{"type":"TOP_TALKER_SNAPSHOT","timestamp":"2026-03-26T10:49:41.405Z","title":"Top talkers snapshot","metadata":{"intervalSec":30,"limit":10,"items":[]}}
{"type":"TOP_TALKER_SNAPSHOT","timestamp":"2026-03-26T10:50:11.411Z","title":"Top talkers snapshot","metadata":{"intervalSec":30,"limit":10,"items":[]}}
{"type":"TOP_TALKER_SNAPSHOT","timestamp":"2026-03-26T10:50:41.429Z","title":"Top talkers snapshot","metadata":{"intervalSec":30,"limit":10,"items":[]}}
{"type":"TOP_TALKER_SNAPSHOT","timestamp":"2026-03-26T10:51:11.432Z","title":"Top talkers snapshot","metadata":{"intervalSec":30,"limit":10,"items":[]}}
{"type":"TOP_TALKER_SNAPSHOT","timestamp":"2026-03-26T10:51:41.446Z","title":"Top talkers snapshot","metadata":{"intervalSec":30,"limit":10,"items":[]}}
{"type":"TOP_TALKER_SNAPSHOT","timestamp":"2026-03-26T10:52:11.448Z","title":"Top talkers snapshot","metadata":{"intervalSec":30,"limit":10,"items":[]}}
{"type":"TOP_TALKER_SNAPSHOT","timestamp":"2026-03-26T10:52:41.461Z","title":"Top talkers snapshot","metadata":{"intervalSec":30,"limit":10,"items":[]}}
{"type":"TOP_TALKER_SNAPSHOT","timestamp":"2026-03-26T10:53:11.463Z","title":"Top talkers snapshot","metadata":{"intervalSec":30,"limit":10,"items":[]}}
{"type":"TOP_TALKER_SNAPSHOT","timestamp":"2026-03-26T10:53:41.463Z","title":"Top talkers snapshot","metadata":{"intervalSec":30,"limit":10,"items":[]}}
{"type":"TOP_TALKER_SNAPSHOT","timestamp":"2026-03-26T10:54:11.479Z","title":"Top talkers snapshot","metadata":{"intervalSec":30,"limit":10,"items":[]}}
{"type":"TOP_TALKER_SNAPSHOT","timestamp":"2026-03-26T10:54:41.493Z","title":"Top talkers snapshot","metadata":{"intervalSec":30,"limit":10,"items":[]}}
{"type":"TOP_TALKER_SNAPSHOT","timestamp":"2026-03-26T10:55:11.509Z","title":"Top talkers snapshot","metadata":{"intervalSec":30,"limit":10,"items":[]}}
{"type":"TOP_TALKER_SNAPSHOT","timestamp":"2026-03-26T10:55:41.510Z","title":"Top talkers snapshot","metadata":{"intervalSec":30,"limit":10,"items":[]}}
{"type":"TOP_TALKER_SNAPSHOT","timestamp":"2026-03-26T10:56:11.524Z","title":"Top talkers snapshot","metadata":{"intervalSec":30,"limit":10,"items":[]}}
{"type":"TOP_TALKER_SNAPSHOT","timestamp":"2026-03-26T10:56:41.526Z","title":"Top talkers snapshot","metadata":{"intervalSec":30,"limit":10,"items":[]}}
{"type":"TOP_TALKER_SNAPSHOT","timestamp":"2026-03-26T10:57:11.541Z","title":"Top talkers snapshot","metadata":{"intervalSec":30,"limit":10,"items":[]}}
{"type":"TOP_TALKER_SNAPSHOT","timestamp":"2026-03-26T10:57:41.541Z","title":"Top talkers snapshot","metadata":{"intervalSec":30,"limit":10,"items":[]}}
{"type":"TOP_TALKER_SNAPSHOT","timestamp":"2026-03-26T10:58:11.542Z","title":"Top talkers snapshot","metadata":{"intervalSec":30,"limit":10,"items":[]}}
{"type":"TOP_TALKER_SNAPSHOT","timestamp":"2026-03-26T10:58:41.556Z","title":"Top talkers snapshot","metadata":{"intervalSec":30,"limit":10,"items":[]}}
{"type":"TOP_TALKER_SNAPSHOT","timestamp":"2026-03-26T10:59:11.558Z","title":"Top talkers snapshot","metadata":{"intervalSec":30,"limit":10,"items":[]}}
{"type":"TOP_TALKER_SNAPSHOT","timestamp":"2026-03-26T10:59:41.574Z","title":"Top talkers snapshot","metadata":{"intervalSec":30,"limit":10,"items":[]}}
{"type":"TOP_TALKER_SNAPSHOT","timestamp":"2026-03-26T11:00:11.588Z","title":"Top talkers snapshot","metadata":{"intervalSec":30,"limit":10,"items":[]}}
{"type":"TOP_TALKER_SNAPSHOT","timestamp":"2026-03-26T11:00:41.589Z","title":"Top talkers snapshot","metadata":{"intervalSec":30,"limit":10,"items":[]}}
{"type":"TOP_TALKER_SNAPSHOT","timestamp":"2026-03-26T11:01:11.606Z","title":"Top talkers snapshot","metadata":{"intervalSec":30,"limit":10,"items":[]}}
{"type":"TOP_TALKER_SNAPSHOT","timestamp":"2026-03-26T11:01:41.620Z","title":"Top talkers snapshot","metadata":{"intervalSec":30,"limit":10,"items":[]}}
{"type":"TOP_TALKER_SNAPSHOT","timestamp":"2026-03-26T11:02:11.620Z","title":"Top talkers snapshot","metadata":{"intervalSec":30,"limit":10,"items":[]}}
{"type":"TOP_TALKER_SNAPSHOT","timestamp":"2026-03-26T11:02:41.621Z","title":"Top talkers snapshot","metadata":{"intervalSec":30,"limit":10,"items":[]}}
{"type":"TOP_TALKER_SNAPSHOT","timestamp":"2026-03-26T11:03:11.635Z","title":"Top talkers snapshot","metadata":{"intervalSec":30,"limit":10,"items":[]}}
{"type":"TOP_TALKER_SNAPSHOT","timestamp":"2026-03-26T11:03:41.651Z","title":"Top talkers snapshot","metadata":{"intervalSec":30,"limit":10,"items":[]}}
{"type":"TOP_TALKER_SNAPSHOT","timestamp":"2026-03-26T11:04:11.652Z","title":"Top talkers snapshot","metadata":{"intervalSec":30,"limit":10,"items":[]}}
{"type":"TOP_TALKER_SNAPSHOT","timestamp":"2026-03-26T11:04:41.653Z","title":"Top talkers snapshot","metadata":{"intervalSec":30,"limit":10,"items":[]}}
{"type":"TOP_TALKER_SNAPSHOT","timestamp":"2026-03-26T11:05:11.668Z","title":"Top talkers snapshot","metadata":{"intervalSec":30,"limit":10,"items":[]}}
{"type":"TOP_TALKER_SNAPSHOT","timestamp":"2026-03-26T11:05:41.698Z","title":"Top talkers snapshot","metadata":{"intervalSec":30,"limit":10,"items":[]}}
{"type":"TOP_TALKER_SNAPSHOT","timestamp":"2026-03-26T11:06:11.701Z","title":"Top talkers snapshot","metadata":{"intervalSec":30,"limit":10,"items":[]}}
{"type":"TOP_TALKER_SNAPSHOT","timestamp":"2026-03-26T11:06:41.714Z","title":"Top talkers snapshot","metadata":{"intervalSec":30,"limit":10,"items":[]}}
{"type":"TOP_TALKER_SNAPSHOT","timestamp":"2026-03-26T11:07:11.722Z","title":"Top talkers snapshot","metadata":{"intervalSec":30,"limit":10,"items":[]}}
{"type":"TOP_TALKER_SNAPSHOT","timestamp":"2026-03-26T11:07:41.731Z","title":"Top talkers snapshot","metadata":{"intervalSec":30,"limit":10,"items":[]}}
{"type":"TOP_TALKER_SNAPSHOT","timestamp":"2026-03-26T11:08:11.746Z","title":"Top talkers snapshot","metadata":{"intervalSec":30,"limit":10,"items":[]}}
{"type":"TOP_TALKER_SNAPSHOT","timestamp":"2026-03-26T11:08:41.745Z","title":"Top talkers snapshot","metadata":{"intervalSec":30,"limit":10,"items":[]}}
{"type":"TOP_TALKER_SNAPSHOT","timestamp":"2026-03-26T11:09:11.747Z","title":"Top talkers snapshot","metadata":{"intervalSec":30,"limit":10,"items":[]}}
{"type":"TOP_TALKER_SNAPSHOT","timestamp":"2026-03-26T11:09:41.777Z","title":"Top talkers snapshot","metadata":{"intervalSec":30,"limit":10,"items":[]}}
{"type":"TOP_TALKER_SNAPSHOT","timestamp":"2026-03-26T11:10:11.779Z","title":"Top talkers snapshot","metadata":{"intervalSec":30,"limit":10,"items":[]}}
{"type":"TOP_TALKER_SNAPSHOT","timestamp":"2026-03-26T11:10:41.793Z","title":"Top talkers snapshot","metadata":{"intervalSec":30,"limit":10,"items":[]}}
{"type":"TOP_TALKER_SNAPSHOT","timestamp":"2026-03-26T11:11:11.808Z","title":"Top talkers snapshot","metadata":{"intervalSec":30,"limit":10,"items":[]}}
{"type":"TOP_TALKER_SNAPSHOT","timestamp":"2026-03-26T11:11:41.810Z","title":"Top talkers snapshot","metadata":{"intervalSec":30,"limit":10,"items":[]}}
{"type":"TOP_TALKER_SNAPSHOT","timestamp":"2026-03-26T11:12:11.824Z","title":"Top talkers snapshot","metadata":{"intervalSec":30,"limit":10,"items":[]}}
{"type":"TOP_TALKER_SNAPSHOT","timestamp":"2026-03-26T11:12:41.840Z","title":"Top talkers snapshot","metadata":{"intervalSec":30,"limit":10,"items":[]}}
{"type":"TOP_TALKER_SNAPSHOT","timestamp":"2026-03-26T11:13:11.855Z","title":"Top talkers snapshot","metadata":{"intervalSec":30,"limit":10,"items":[]}}
{"type":"TOP_TALKER_SNAPSHOT","timestamp":"2026-03-26T11:13:41.857Z","title":"Top talkers snapshot","metadata":{"intervalSec":30,"limit":10,"items":[]}}
{"type":"TOP_TALKER_SNAPSHOT","timestamp":"2026-03-26T11:14:11.871Z","title":"Top talkers snapshot","metadata":{"intervalSec":30,"limit":10,"items":[]}}
{"type":"TOP_TALKER_SNAPSHOT","timestamp":"2026-03-26T11:14:41.872Z","title":"Top talkers snapshot","metadata":{"intervalSec":30,"limit":10,"items":[]}}
{"type":"TOP_TALKER_SNAPSHOT","timestamp":"2026-03-26T11:15:11.887Z","title":"Top talkers snapshot","metadata":{"intervalSec":30,"limit":10,"items":[]}}
{"type":"TOP_TALKER_SNAPSHOT","timestamp":"2026-03-26T11:15:41.887Z","title":"Top talkers snapshot","metadata":{"intervalSec":30,"limit":10,"items":[]}}
{"type":"TOP_TALKER_SNAPSHOT","timestamp":"2026-03-26T11:16:11.888Z","title":"Top talkers snapshot","metadata":{"intervalSec":30,"limit":10,"items":[]}}
{"type":"TOP_TALKER_SNAPSHOT","timestamp":"2026-03-26T11:16:41.903Z","title":"Top talkers snapshot","metadata":{"intervalSec":30,"limit":10,"items":[]}}
{"type":"TOP_TALKER_SNAPSHOT","timestamp":"2026-03-26T11:17:11.919Z","title":"Top talkers snapshot","metadata":{"intervalSec":30,"limit":10,"items":[]}}
{"type":"TOP_TALKER_SNAPSHOT","timestamp":"2026-03-26T11:17:41.920Z","title":"Top talkers snapshot","metadata":{"intervalSec":30,"limit":10,"items":[]}}
{"type":"TOP_TALKER_SNAPSHOT","timestamp":"2026-03-26T11:18:11.934Z","title":"Top talkers snapshot","metadata":{"intervalSec":30,"limit":10,"items":[]}}
{"type":"TOP_TALKER_SNAPSHOT","timestamp":"2026-03-26T11:18:41.934Z","title":"Top talkers snapshot","metadata":{"intervalSec":30,"limit":10,"items":[]}}
{"type":"TOP_TALKER_SNAPSHOT","timestamp":"2026-03-26T11:19:11.936Z","title":"Top talkers snapshot","metadata":{"intervalSec":30,"limit":10,"items":[]}}
{"type":"TOP_TALKER_SNAPSHOT","timestamp":"2026-03-26T11:19:41.949Z","title":"Top talkers snapshot","metadata":{"intervalSec":30,"limit":10,"items":[]}}
{"type":"TOP_TALKER_SNAPSHOT","timestamp":"2026-03-26T11:20:11.952Z","title":"Top talkers snapshot","metadata":{"intervalSec":30,"limit":10,"items":[]}}
{"type":"TOP_TALKER_SNAPSHOT","timestamp":"2026-03-26T11:20:41.966Z","title":"Top talkers snapshot","metadata":{"intervalSec":30,"limit":10,"items":[]}}
{"type":"TOP_TALKER_SNAPSHOT","timestamp":"2026-03-26T11:21:11.981Z","title":"Top talkers snapshot","metadata":{"intervalSec":30,"limit":10,"items":[]}}
{"type":"TOP_TALKER_SNAPSHOT","timestamp":"2026-03-26T11:21:41.982Z","title":"Top talkers snapshot","metadata":{"intervalSec":30,"limit":10,"items":[]}}
{"type":"TOP_TALKER_SNAPSHOT","timestamp":"2026-03-26T11:22:11.997Z","title":"Top talkers snapshot","metadata":{"intervalSec":30,"limit":10,"items":[]}}
{"type":"TOP_TALKER_SNAPSHOT","timestamp":"2026-03-26T11:22:41.999Z","title":"Top talkers snapshot","metadata":{"intervalSec":30,"limit":10,"items":[]}}
{"type":"TOP_TALKER_SNAPSHOT","timestamp":"2026-03-26T11:23:12.014Z","title":"Top talkers snapshot","metadata":{"intervalSec":30,"limit":10,"items":[]}}
{"type":"TOP_TALKER_SNAPSHOT","timestamp":"2026-03-26T11:23:42.029Z","title":"Top talkers snapshot","metadata":{"intervalSec":30,"limit":10,"items":[]}}
{"type":"TOP_TALKER_SNAPSHOT","timestamp":"2026-03-26T11:24:12.031Z","title":"Top talkers snapshot","metadata":{"intervalSec":30,"limit":10,"items":[]}}
{"type":"TOP_TALKER_SNAPSHOT","timestamp":"2026-03-26T11:24:42.045Z","title":"Top talkers snapshot","metadata":{"intervalSec":30,"limit":10,"items":[]}}
{"type":"TOP_TALKER_SNAPSHOT","timestamp":"2026-03-26T11:25:12.046Z","title":"Top talkers snapshot","metadata":{"intervalSec":30,"limit":10,"items":[]}}
{"type":"TOP_TALKER_SNAPSHOT","timestamp":"2026-03-26T11:25:42.060Z","title":"Top talkers snapshot","metadata":{"intervalSec":30,"limit":10,"items":[]}}
{"type":"TOP_TALKER_SNAPSHOT","timestamp":"2026-03-26T11:26:12.060Z","title":"Top talkers snapshot","metadata":{"intervalSec":30,"limit":10,"items":[]}}
{"type":"TOP_TALKER_SNAPSHOT","timestamp":"2026-03-26T11:26:42.075Z","title":"Top talkers snapshot","metadata":{"intervalSec":30,"limit":10,"items":[]}}
{"type":"TOP_TALKER_SNAPSHOT","timestamp":"2026-03-26T11:27:12.078Z","title":"Top talkers snapshot","metadata":{"intervalSec":30,"limit":10,"items":[]}}
{"type":"TOP_TALKER_SNAPSHOT","timestamp":"2026-03-26T11:27:42.093Z","title":"Top talkers snapshot","metadata":{"intervalSec":30,"limit":10,"items":[]}}
{"type":"TOP_TALKER_SNAPSHOT","timestamp":"2026-03-26T11:28:12.108Z","title":"Top talkers snapshot","metadata":{"intervalSec":30,"limit":10,"items":[]}}
{"type":"TOP_TALKER_SNAPSHOT","timestamp":"2026-03-26T11:28:42.110Z","title":"Top talkers snapshot","metadata":{"intervalSec":30,"limit":10,"items":[]}}
{"type":"TOP_TALKER_SNAPSHOT","timestamp":"2026-03-26T11:29:12.124Z","title":"Top talkers snapshot","metadata":{"intervalSec":30,"limit":10,"items":[]}}
{"type":"TOP_TALKER_SNAPSHOT","timestamp":"2026-03-26T11:29:42.129Z","title":"Top talkers snapshot","metadata":{"intervalSec":30,"limit":10,"items":[]}}
{"type":"TOP_TALKER_SNAPSHOT","timestamp":"2026-03-26T11:30:12.139Z","title":"Top talkers snapshot","metadata":{"intervalSec":30,"limit":10,"items":[]}}
{"type":"TOP_TALKER_SNAPSHOT","timestamp":"2026-03-26T11:30:42.154Z","title":"Top talkers snapshot","metadata":{"intervalSec":30,"limit":10,"items":[]}}
{"type":"TOP_TALKER_SNAPSHOT","timestamp":"2026-03-26T11:31:12.154Z","title":"Top talkers snapshot","metadata":{"intervalSec":30,"limit":10,"items":[]}}
{"type":"TOP_TALKER_SNAPSHOT","timestamp":"2026-03-26T11:31:42.155Z","title":"Top talkers snapshot","metadata":{"intervalSec":30,"limit":10,"items":[]}}
{"type":"TOP_TALKER_SNAPSHOT","timestamp":"2026-03-26T11:32:12.157Z","title":"Top talkers snapshot","metadata":{"intervalSec":30,"limit":10,"items":[]}}
{"type":"TOP_TALKER_SNAPSHOT","timestamp":"2026-03-26T11:32:42.178Z","title":"Top talkers snapshot","metadata":{"intervalSec":30,"limit":10,"items":[]}}
{"type":"TOP_TALKER_SNAPSHOT","timestamp":"2026-03-26T11:33:12.187Z","title":"Top talkers snapshot","metadata":{"intervalSec":30,"limit":10,"items":[]}}
{"type":"TOP_TALKER_SNAPSHOT","timestamp":"2026-03-26T11:33:42.202Z","title":"Top talkers snapshot","metadata":{"intervalSec":30,"limit":10,"items":[]}}
{"type":"TOP_TALKER_SNAPSHOT","timestamp":"2026-03-26T11:34:12.203Z","title":"Top talkers snapshot","metadata":{"intervalSec":30,"limit":10,"items":[]}}
{"type":"TOP_TALKER_SNAPSHOT","timestamp":"2026-03-26T11:34:42.219Z","title":"Top talkers snapshot","metadata":{"intervalSec":30,"limit":10,"items":[]}}
{"type":"TOP_TALKER_SNAPSHOT","timestamp":"2026-03-26T11:35:12.233Z","title":"Top talkers snapshot","metadata":{"intervalSec":30,"limit":10,"items":[]}}
{"type":"TOP_TALKER_SNAPSHOT","timestamp":"2026-03-26T11:35:42.234Z","title":"Top talkers snapshot","metadata":{"intervalSec":30,"limit":10,"items":[]}}
{"type":"TOP_TALKER_SNAPSHOT","timestamp":"2026-03-26T11:36:12.249Z","title":"Top talkers snapshot","metadata":{"intervalSec":30,"limit":10,"items":[]}}
{"type":"TOP_TALKER_SNAPSHOT","timestamp":"2026-03-26T11:36:42.249Z","title":"Top talkers snapshot","metadata":{"intervalSec":30,"limit":10,"items":[]}}
{"type":"TOP_TALKER_SNAPSHOT","timestamp":"2026-03-26T11:37:12.251Z","title":"Top talkers snapshot","metadata":{"intervalSec":30,"limit":10,"items":[]}}
{"type":"TOP_TALKER_SNAPSHOT","timestamp":"2026-03-26T11:37:42.252Z","title":"Top talkers snapshot","metadata":{"intervalSec":30,"limit":10,"items":[]}}
{"type":"TOP_TALKER_SNAPSHOT","timestamp":"2026-03-26T11:38:12.265Z","title":"Top talkers snapshot","metadata":{"intervalSec":30,"limit":10,"items":[]}}
{"type":"TOP_TALKER_SNAPSHOT","timestamp":"2026-03-26T11:38:42.267Z","title":"Top talkers snapshot","metadata":{"intervalSec":30,"limit":10,"items":[]}}
{"type":"TOP_TALKER_SNAPSHOT","timestamp":"2026-03-26T11:39:12.281Z","title":"Top talkers snapshot","metadata":{"intervalSec":30,"limit":10,"items":[]}}
{"type":"TOP_TALKER_SNAPSHOT","timestamp":"2026-03-26T11:39:42.289Z","title":"Top talkers snapshot","metadata":{"intervalSec":30,"limit":10,"items":[]}}
{"type":"TOP_TALKER_SNAPSHOT","timestamp":"2026-03-26T11:40:12.297Z","title":"Top talkers snapshot","metadata":{"intervalSec":30,"limit":10,"items":[]}}
{"type":"TOP_TALKER_SNAPSHOT","timestamp":"2026-03-26T11:40:42.312Z","title":"Top talkers snapshot","metadata":{"intervalSec":30,"limit":10,"items":[]}}
{"type":"TOP_TALKER_SNAPSHOT","timestamp":"2026-03-26T11:41:12.337Z","title":"Top talkers snapshot","metadata":{"intervalSec":30,"limit":10,"items":[]}}
{"type":"TOP_TALKER_SNAPSHOT","timestamp":"2026-03-26T11:41:42.345Z","title":"Top talkers snapshot","metadata":{"intervalSec":30,"limit":10,"items":[]}}
{"type":"TOP_TALKER_SNAPSHOT","timestamp":"2026-03-26T11:42:12.361Z","title":"Top talkers snapshot","metadata":{"intervalSec":30,"limit":10,"items":[]}}
{"type":"TOP_TALKER_SNAPSHOT","timestamp":"2026-03-26T11:42:42.375Z","title":"Top talkers snapshot","metadata":{"intervalSec":30,"limit":10,"items":[]}}
{"type":"TOP_TALKER_SNAPSHOT","timestamp":"2026-03-26T11:43:12.376Z","title":"Top talkers snapshot","metadata":{"intervalSec":30,"limit":10,"items":[]}}
{"type":"TOP_TALKER_SNAPSHOT","timestamp":"2026-03-26T11:43:42.377Z","title":"Top talkers snapshot","metadata":{"intervalSec":30,"limit":10,"items":[]}}
{"type":"TOP_TALKER_SNAPSHOT","timestamp":"2026-03-26T11:44:12.392Z","title":"Top talkers snapshot","metadata":{"intervalSec":30,"limit":10,"items":[]}}
{"type":"TOP_TALKER_SNAPSHOT","timestamp":"2026-03-26T11:44:42.407Z","title":"Top talkers snapshot","metadata":{"intervalSec":30,"limit":10,"items":[]}}
{"type":"TOP_TALKER_SNAPSHOT","timestamp":"2026-03-26T11:45:12.408Z","title":"Top talkers snapshot","metadata":{"intervalSec":30,"limit":10,"items":[]}}
{"type":"TOP_TALKER_SNAPSHOT","timestamp":"2026-03-26T11:45:42.408Z","title":"Top talkers snapshot","metadata":{"intervalSec":30,"limit":10,"items":[]}}
{"type":"TOP_TALKER_SNAPSHOT","timestamp":"2026-03-26T11:46:12.423Z","title":"Top talkers snapshot","metadata":{"intervalSec":30,"limit":10,"items":[]}}
{"type":"TOP_TALKER_SNAPSHOT","timestamp":"2026-03-26T11:46:42.424Z","title":"Top talkers snapshot","metadata":{"intervalSec":30,"limit":10,"items":[]}}
{"type":"TOP_TALKER_SNAPSHOT","timestamp":"2026-03-26T11:47:12.424Z","title":"Top talkers snapshot","metadata":{"intervalSec":30,"limit":10,"items":[]}}
{"type":"TOP_TALKER_SNAPSHOT","timestamp":"2026-03-26T11:47:42.439Z","title":"Top talkers snapshot","metadata":{"intervalSec":30,"limit":10,"items":[]}}
{"type":"TOP_TALKER_SNAPSHOT","timestamp":"2026-03-26T11:48:12.454Z","title":"Top talkers snapshot","metadata":{"intervalSec":30,"limit":10,"items":[]}}
{"type":"TOP_TALKER_SNAPSHOT","timestamp":"2026-03-26T11:48:42.468Z","title":"Top talkers snapshot","metadata":{"intervalSec":30,"limit":10,"items":[]}}
{"type":"TOP_TALKER_SNAPSHOT","timestamp":"2026-03-26T11:49:12.471Z","title":"Top talkers snapshot","metadata":{"intervalSec":30,"limit":10,"items":[]}}
{"type":"TOP_TALKER_SNAPSHOT","timestamp":"2026-03-26T11:49:42.487Z","title":"Top talkers snapshot","metadata":{"intervalSec":30,"limit":10,"items":[]}}
{"type":"TOP_TALKER_SNAPSHOT","timestamp":"2026-03-26T11:50:12.500Z","title":"Top talkers snapshot","metadata":{"intervalSec":30,"limit":10,"items":[]}}
{"type":"TOP_TALKER_SNAPSHOT","timestamp":"2026-03-26T11:50:42.501Z","title":"Top talkers snapshot","metadata":{"intervalSec":30,"limit":10,"items":[]}}
{"type":"TOP_TALKER_SNAPSHOT","timestamp":"2026-03-26T11:51:12.502Z","title":"Top talkers snapshot","metadata":{"intervalSec":30,"limit":10,"items":[]}}
{"type":"TOP_TALKER_SNAPSHOT","timestamp":"2026-03-26T11:51:42.517Z","title":"Top talkers snapshot","metadata":{"intervalSec":30,"limit":10,"items":[]}}
{"type":"TOP_TALKER_SNAPSHOT","timestamp":"2026-03-26T11:52:12.533Z","title":"Top talkers snapshot","metadata":{"intervalSec":30,"limit":10,"items":[]}}
{"type":"TOP_TALKER_SNAPSHOT","timestamp":"2026-03-26T11:52:42.549Z","title":"Top talkers snapshot","metadata":{"intervalSec":30,"limit":10,"items":[]}}
{"type":"TOP_TALKER_SNAPSHOT","timestamp":"2026-03-26T11:53:12.549Z","title":"Top talkers snapshot","metadata":{"intervalSec":30,"limit":10,"items":[]}}
{"type":"TOP_TALKER_SNAPSHOT","timestamp":"2026-03-26T11:53:42.565Z","title":"Top talkers snapshot","metadata":{"intervalSec":30,"limit":10,"items":[]}}
{"type":"TOP_TALKER_SNAPSHOT","timestamp":"2026-03-26T11:54:12.580Z","title":"Top talkers snapshot","metadata":{"intervalSec":30,"limit":10,"items":[]}}
{"type":"TOP_TALKER_SNAPSHOT","timestamp":"2026-03-26T11:54:42.582Z","title":"Top talkers snapshot","metadata":{"intervalSec":30,"limit":10,"items":[]}}
{"type":"TOP_TALKER_SNAPSHOT","timestamp":"2026-03-26T11:55:12.598Z","title":"Top talkers snapshot","metadata":{"intervalSec":30,"limit":10,"items":[]}}
{"type":"TOP_TALKER_SNAPSHOT","timestamp":"2026-03-26T11:55:42.611Z","title":"Top talkers snapshot","metadata":{"intervalSec":30,"limit":10,"items":[]}}
{"type":"TOP_TALKER_SNAPSHOT","timestamp":"2026-03-26T11:56:12.627Z","title":"Top talkers snapshot","metadata":{"intervalSec":30,"limit":10,"items":[]}}
{"type":"TOP_TALKER_SNAPSHOT","timestamp":"2026-03-26T11:56:42.642Z","title":"Top talkers snapshot","metadata":{"intervalSec":30,"limit":10,"items":[]}}
{"type":"TOP_TALKER_SNAPSHOT","timestamp":"2026-03-26T11:57:12.642Z","title":"Top talkers snapshot","metadata":{"intervalSec":30,"limit":10,"items":[]}}
{"type":"TOP_TALKER_SNAPSHOT","timestamp":"2026-03-26T11:57:42.644Z","title":"Top talkers snapshot","metadata":{"intervalSec":30,"limit":10,"items":[]}}
{"type":"TOP_TALKER_SNAPSHOT","timestamp":"2026-03-26T11:58:12.645Z","title":"Top talkers snapshot","metadata":{"intervalSec":30,"limit":10,"items":[]}}
{"type":"TOP_TALKER_SNAPSHOT","timestamp":"2026-03-26T11:58:42.659Z","title":"Top talkers snapshot","metadata":{"intervalSec":30,"limit":10,"items":[]}}
{"type":"TOP_TALKER_SNAPSHOT","timestamp":"2026-03-26T11:59:12.673Z","title":"Top talkers snapshot","metadata":{"intervalSec":30,"limit":10,"items":[]}}
{"type":"TOP_TALKER_SNAPSHOT","timestamp":"2026-03-26T11:59:42.674Z","title":"Top talkers snapshot","metadata":{"intervalSec":30,"limit":10,"items":[]}}
{"type":"TOP_TALKER_SNAPSHOT","timestamp":"2026-03-26T12:00:12.675Z","title":"Top talkers snapshot","metadata":{"intervalSec":30,"limit":10,"items":[]}}
{"type":"TOP_TALKER_SNAPSHOT","timestamp":"2026-03-26T12:00:42.677Z","title":"Top talkers snapshot","metadata":{"intervalSec":30,"limit":10,"items":[]}}
{"type":"TOP_TALKER_SNAPSHOT","timestamp":"2026-03-26T12:01:12.691Z","title":"Top talkers snapshot","metadata":{"intervalSec":30,"limit":10,"items":[]}}
{"type":"TOP_TALKER_SNAPSHOT","timestamp":"2026-03-26T12:01:42.706Z","title":"Top talkers snapshot","metadata":{"intervalSec":30,"limit":10,"items":[]}}
{"type":"TOP_TALKER_SNAPSHOT","timestamp":"2026-03-26T12:02:12.707Z","title":"Top talkers snapshot","metadata":{"intervalSec":30,"limit":10,"items":[]}}
{"type":"TOP_TALKER_SNAPSHOT","timestamp":"2026-03-26T12:02:42.720Z","title":"Top talkers snapshot","metadata":{"intervalSec":30,"limit":10,"items":[]}}
{"type":"TOP_TALKER_SNAPSHOT","timestamp":"2026-03-26T12:03:12.737Z","title":"Top talkers snapshot","metadata":{"intervalSec":30,"limit":10,"items":[]}}
{"type":"TOP_TALKER_SNAPSHOT","timestamp":"2026-03-26T12:03:42.753Z","title":"Top talkers snapshot","metadata":{"intervalSec":30,"limit":10,"items":[]}}
{"type":"TOP_TALKER_SNAPSHOT","timestamp":"2026-03-26T12:04:12.755Z","title":"Top talkers snapshot","metadata":{"intervalSec":30,"limit":10,"items":[]}}
{"type":"TOP_TALKER_SNAPSHOT","timestamp":"2026-03-26T12:04:42.755Z","title":"Top talkers snapshot","metadata":{"intervalSec":30,"limit":10,"items":[]}}
{"type":"TOP_TALKER_SNAPSHOT","timestamp":"2026-03-26T12:05:12.771Z","title":"Top talkers snapshot","metadata":{"intervalSec":30,"limit":10,"items":[]}}
{"type":"TOP_TALKER_SNAPSHOT","timestamp":"2026-03-26T12:05:42.786Z","title":"Top talkers snapshot","metadata":{"intervalSec":30,"limit":10,"items":[]}}
{"type":"TOP_TALKER_SNAPSHOT","timestamp":"2026-03-26T12:06:12.790Z","title":"Top talkers snapshot","metadata":{"intervalSec":30,"limit":10,"items":[]}}
{"type":"TOP_TALKER_SNAPSHOT","timestamp":"2026-03-26T12:06:42.804Z","title":"Top talkers snapshot","metadata":{"intervalSec":30,"limit":10,"items":[]}}
{"type":"TOP_TALKER_SNAPSHOT","timestamp":"2026-03-26T12:07:12.821Z","title":"Top talkers snapshot","metadata":{"intervalSec":30,"limit":10,"items":[]}}
{"type":"TOP_TALKER_SNAPSHOT","timestamp":"2026-03-26T12:07:42.822Z","title":"Top talkers snapshot","metadata":{"intervalSec":30,"limit":10,"items":[]}}
{"type":"TOP_TALKER_SNAPSHOT","timestamp":"2026-03-26T12:08:12.823Z","title":"Top talkers snapshot","metadata":{"intervalSec":30,"limit":10,"items":[]}}
{"type":"TOP_TALKER_SNAPSHOT","timestamp":"2026-03-26T12:08:42.839Z","title":"Top talkers snapshot","metadata":{"intervalSec":30,"limit":10,"items":[]}}
{"type":"TOP_TALKER_SNAPSHOT","timestamp":"2026-03-26T12:09:12.854Z","title":"Top talkers snapshot","metadata":{"intervalSec":30,"limit":10,"items":[]}}
{"type":"TOP_TALKER_SNAPSHOT","timestamp":"2026-03-26T12:09:42.870Z","title":"Top talkers snapshot","metadata":{"intervalSec":30,"limit":10,"items":[]}}
{"type":"TOP_TALKER_SNAPSHOT","timestamp":"2026-03-26T12:10:12.876Z","title":"Top talkers snapshot","metadata":{"intervalSec":30,"limit":10,"items":[]}}
{"type":"TOP_TALKER_SNAPSHOT","timestamp":"2026-03-26T12:10:42.888Z","title":"Top talkers snapshot","metadata":{"intervalSec":30,"limit":10,"items":[]}}
{"type":"TOP_TALKER_SNAPSHOT","timestamp":"2026-03-26T12:11:12.905Z","title":"Top talkers snapshot","metadata":{"intervalSec":30,"limit":10,"items":[]}}
{"type":"TOP_TALKER_SNAPSHOT","timestamp":"2026-03-26T12:11:42.920Z","title":"Top talkers snapshot","metadata":{"intervalSec":30,"limit":10,"items":[]}}
{"type":"TOP_TALKER_SNAPSHOT","timestamp":"2026-03-26T12:12:12.935Z","title":"Top talkers snapshot","metadata":{"intervalSec":30,"limit":10,"items":[]}}
{"type":"TOP_TALKER_SNAPSHOT","timestamp":"2026-03-26T12:12:42.936Z","title":"Top talkers snapshot","metadata":{"intervalSec":30,"limit":10,"items":[]}}
{"type":"TOP_TALKER_SNAPSHOT","timestamp":"2026-03-26T12:13:12.953Z","title":"Top talkers snapshot","metadata":{"intervalSec":30,"limit":10,"items":[]}}
{"type":"TOP_TALKER_SNAPSHOT","timestamp":"2026-03-26T12:13:42.954Z","title":"Top talkers snapshot","metadata":{"intervalSec":30,"limit":10,"items":[]}}
{"type":"TOP_TALKER_SNAPSHOT","timestamp":"2026-03-26T12:14:12.970Z","title":"Top talkers snapshot","metadata":{"intervalSec":30,"limit":10,"items":[]}}
{"type":"TOP_TALKER_SNAPSHOT","timestamp":"2026-03-26T12:14:42.973Z","title":"Top talkers snapshot","metadata":{"intervalSec":30,"limit":10,"items":[]}}
{"type":"TOP_TALKER_SNAPSHOT","timestamp":"2026-03-26T12:15:12.987Z","title":"Top talkers snapshot","metadata":{"intervalSec":30,"limit":10,"items":[]}}
{"type":"TOP_TALKER_SNAPSHOT","timestamp":"2026-03-26T12:15:43.001Z","title":"Top talkers snapshot","metadata":{"intervalSec":30,"limit":10,"items":[]}}
{"type":"TOP_TALKER_SNAPSHOT","timestamp":"2026-03-26T12:16:13.009Z","title":"Top talkers snapshot","metadata":{"intervalSec":30,"limit":10,"items":[]}}
{"type":"TOP_TALKER_SNAPSHOT","timestamp":"2026-03-26T12:16:43.018Z","title":"Top talkers snapshot","metadata":{"intervalSec":30,"limit":10,"items":[]}}
{"type":"TOP_TALKER_SNAPSHOT","timestamp":"2026-03-26T12:17:13.032Z","title":"Top talkers snapshot","metadata":{"intervalSec":30,"limit":10,"items":[]}}
{"type":"TOP_TALKER_SNAPSHOT","timestamp":"2026-03-26T12:17:43.038Z","title":"Top talkers snapshot","metadata":{"intervalSec":30,"limit":10,"items":[]}}
{"type":"TOP_TALKER_SNAPSHOT","timestamp":"2026-03-26T12:18:13.054Z","title":"Top talkers snapshot","metadata":{"intervalSec":30,"limit":10,"items":[]}}
{"type":"TOP_TALKER_SNAPSHOT","timestamp":"2026-03-26T12:18:43.069Z","title":"Top talkers snapshot","metadata":{"intervalSec":30,"limit":10,"items":[]}}
{"type":"TOP_TALKER_SNAPSHOT","timestamp":"2026-03-26T12:19:13.085Z","title":"Top talkers snapshot","metadata":{"intervalSec":30,"limit":10,"items":[]}}
{"type":"TOP_TALKER_SNAPSHOT","timestamp":"2026-03-26T12:19:43.097Z","title":"Top talkers snapshot","metadata":{"intervalSec":30,"limit":10,"items":[]}}
{"type":"TOP_TALKER_SNAPSHOT","timestamp":"2026-03-26T12:20:13.108Z","title":"Top talkers snapshot","metadata":{"intervalSec":30,"limit":10,"items":[]}}
{"type":"TOP_TALKER_SNAPSHOT","timestamp":"2026-03-26T12:20:43.118Z","title":"Top talkers snapshot","metadata":{"intervalSec":30,"limit":10,"items":[]}}
{"type":"TOP_TALKER_SNAPSHOT","timestamp":"2026-03-26T12:21:13.122Z","title":"Top talkers snapshot","metadata":{"intervalSec":30,"limit":10,"items":[]}}
{"type":"TOP_TALKER_SNAPSHOT","timestamp":"2026-03-26T12:21:43.135Z","title":"Top talkers snapshot","metadata":{"intervalSec":30,"limit":10,"items":[]}}
{"type":"TOP_TALKER_SNAPSHOT","timestamp":"2026-03-26T12:22:13.150Z","title":"Top talkers snapshot","metadata":{"intervalSec":30,"limit":10,"items":[]}}
{"type":"TOP_TALKER_SNAPSHOT","timestamp":"2026-03-26T12:22:43.152Z","title":"Top talkers snapshot","metadata":{"intervalSec":30,"limit":10,"items":[]}}
{"type":"TOP_TALKER_SNAPSHOT","timestamp":"2026-03-26T12:23:13.170Z","title":"Top talkers snapshot","metadata":{"intervalSec":30,"limit":10,"items":[]}}
{"type":"TOP_TALKER_SNAPSHOT","timestamp":"2026-03-26T12:23:43.184Z","title":"Top talkers snapshot","metadata":{"intervalSec":30,"limit":10,"items":[]}}
{"type":"TOP_TALKER_SNAPSHOT","timestamp":"2026-03-26T12:24:13.186Z","title":"Top talkers snapshot","metadata":{"intervalSec":30,"limit":10,"items":[]}}
{"type":"TOP_TALKER_SNAPSHOT","timestamp":"2026-03-26T12:24:43.199Z","title":"Top talkers snapshot","metadata":{"intervalSec":30,"limit":10,"items":[]}}
{"type":"TOP_TALKER_SNAPSHOT","timestamp":"2026-03-26T12:25:13.202Z","title":"Top talkers snapshot","metadata":{"intervalSec":30,"limit":10,"items":[]}}
{"type":"TOP_TALKER_SNAPSHOT","timestamp":"2026-03-26T12:25:43.202Z","title":"Top talkers snapshot","metadata":{"intervalSec":30,"limit":10,"items":[]}}
{"type":"TOP_TALKER_SNAPSHOT","timestamp":"2026-03-26T12:26:13.205Z","title":"Top talkers snapshot","metadata":{"intervalSec":30,"limit":10,"items":[]}}
{"type":"TOP_TALKER_SNAPSHOT","timestamp":"2026-03-26T12:26:43.219Z","title":"Top talkers snapshot","metadata":{"intervalSec":30,"limit":10,"items":[]}}
{"type":"TOP_TALKER_SNAPSHOT","timestamp":"2026-03-26T12:27:13.233Z","title":"Top talkers snapshot","metadata":{"intervalSec":30,"limit":10,"items":[]}}
{"type":"TOP_TALKER_SNAPSHOT","timestamp":"2026-03-26T12:27:43.237Z","title":"Top talkers snapshot","metadata":{"intervalSec":30,"limit":10,"items":[]}}
{"type":"TOP_TALKER_SNAPSHOT","timestamp":"2026-03-26T12:28:13.251Z","title":"Top talkers snapshot","metadata":{"intervalSec":30,"limit":10,"items":[]}}
{"type":"TOP_TALKER_SNAPSHOT","timestamp":"2026-03-26T12:28:43.254Z","title":"Top talkers snapshot","metadata":{"intervalSec":30,"limit":10,"items":[]}}
{"type":"TOP_TALKER_SNAPSHOT","timestamp":"2026-03-26T12:29:13.269Z","title":"Top talkers snapshot","metadata":{"intervalSec":30,"limit":10,"items":[]}}
{"type":"TOP_TALKER_SNAPSHOT","timestamp":"2026-03-26T12:29:43.285Z","title":"Top talkers snapshot","metadata":{"intervalSec":30,"limit":10,"items":[]}}
{"type":"TOP_TALKER_SNAPSHOT","timestamp":"2026-03-26T12:30:13.300Z","title":"Top talkers snapshot","metadata":{"intervalSec":30,"limit":10,"items":[]}}
{"type":"TOP_TALKER_SNAPSHOT","timestamp":"2026-03-26T12:30:43.302Z","title":"Top talkers snapshot","metadata":{"intervalSec":30,"limit":10,"items":[]}}
{"type":"TOP_TALKER_SNAPSHOT","timestamp":"2026-03-26T12:31:13.324Z","title":"Top talkers snapshot","metadata":{"intervalSec":30,"limit":10,"items":[]}}
{"type":"TOP_TALKER_SNAPSHOT","timestamp":"2026-03-26T12:31:43.333Z","title":"Top talkers snapshot","metadata":{"intervalSec":30,"limit":10,"items":[]}}
{"type":"TOP_TALKER_SNAPSHOT","timestamp":"2026-03-26T12:32:13.336Z","title":"Top talkers snapshot","metadata":{"intervalSec":30,"limit":10,"items":[]}}
{"type":"TOP_TALKER_SNAPSHOT","timestamp":"2026-03-26T12:32:43.365Z","title":"Top talkers snapshot","metadata":{"intervalSec":30,"limit":10,"items":[]}}
{"type":"TOP_TALKER_SNAPSHOT","timestamp":"2026-03-26T12:33:13.381Z","title":"Top talkers snapshot","metadata":{"intervalSec":30,"limit":10,"items":[]}}
{"type":"TOP_TALKER_SNAPSHOT","timestamp":"2026-03-26T12:33:43.382Z","title":"Top talkers snapshot","metadata":{"intervalSec":30,"limit":10,"items":[]}}
{"type":"TOP_TALKER_SNAPSHOT","timestamp":"2026-03-26T12:34:13.398Z","title":"Top talkers snapshot","metadata":{"intervalSec":30,"limit":10,"items":[]}}
{"type":"TOP_TALKER_SNAPSHOT","timestamp":"2026-03-26T12:34:43.399Z","title":"Top talkers snapshot","metadata":{"intervalSec":30,"limit":10,"items":[]}}
{"type":"TOP_TALKER_SNAPSHOT","timestamp":"2026-03-26T12:35:13.415Z","title":"Top talkers snapshot","metadata":{"intervalSec":30,"limit":10,"items":[]}}
{"type":"TOP_TALKER_SNAPSHOT","timestamp":"2026-03-26T12:35:43.416Z","title":"Top talkers snapshot","metadata":{"intervalSec":30,"limit":10,"items":[]}}
{"type":"TOP_TALKER_SNAPSHOT","timestamp":"2026-03-26T12:36:13.423Z","title":"Top talkers snapshot","metadata":{"intervalSec":30,"limit":10,"items":[]}}
{"type":"TOP_TALKER_SNAPSHOT","timestamp":"2026-03-26T12:36:43.436Z","title":"Top talkers snapshot","metadata":{"intervalSec":30,"limit":10,"items":[]}}
{"level":"error","at":"2026-03-26T12:36:43.438Z","message":"API send failed","data":{"message":"","eventType":"TOP_TALKER_SNAPSHOT"}}
{"type":"TOP_TALKER_SNAPSHOT","timestamp":"2026-03-26T12:37:13.439Z","title":"Top talkers snapshot","metadata":{"intervalSec":30,"limit":10,"items":[]}}
{"level":"error","at":"2026-03-26T12:37:13.441Z","message":"API send failed","data":{"message":"","eventType":"TOP_TALKER_SNAPSHOT"}}
{"type":"TOP_TALKER_SNAPSHOT","timestamp":"2026-03-26T12:37:43.449Z","title":"Top talkers snapshot","metadata":{"intervalSec":30,"limit":10,"items":[]}}
{"level":"error","at":"2026-03-26T12:37:43.451Z","message":"API send failed","data":{"message":"","eventType":"TOP_TALKER_SNAPSHOT"}}
{"type":"TOP_TALKER_SNAPSHOT","timestamp":"2026-03-26T12:38:13.460Z","title":"Top talkers snapshot","metadata":{"intervalSec":30,"limit":10,"items":[]}}
{"level":"error","at":"2026-03-26T12:38:13.462Z","message":"API send failed","data":{"message":"","eventType":"TOP_TALKER_SNAPSHOT"}}
{"type":"TOP_TALKER_SNAPSHOT","timestamp":"2026-03-26T12:38:43.466Z","title":"Top talkers snapshot","metadata":{"intervalSec":30,"limit":10,"items":[]}}
{"level":"error","at":"2026-03-26T12:38:43.470Z","message":"API send failed","data":{"message":"","eventType":"TOP_TALKER_SNAPSHOT"}}
{"type":"TOP_TALKER_SNAPSHOT","timestamp":"2026-03-26T12:39:13.480Z","title":"Top talkers snapshot","metadata":{"intervalSec":30,"limit":10,"items":[]}}
{"level":"error","at":"2026-03-26T12:39:13.482Z","message":"API send failed","data":{"message":"","eventType":"TOP_TALKER_SNAPSHOT"}}
{"type":"TOP_TALKER_SNAPSHOT","timestamp":"2026-03-26T12:39:43.490Z","title":"Top talkers snapshot","metadata":{"intervalSec":30,"limit":10,"items":[]}}
{"level":"error","at":"2026-03-26T12:39:43.496Z","message":"API send failed","data":{"message":"","eventType":"TOP_TALKER_SNAPSHOT"}}
{"type":"TOP_TALKER_SNAPSHOT","timestamp":"2026-03-26T12:40:13.498Z","title":"Top talkers snapshot","metadata":{"intervalSec":30,"limit":10,"items":[]}}
{"level":"error","at":"2026-03-26T12:40:13.500Z","message":"API send failed","data":{"message":"","eventType":"TOP_TALKER_SNAPSHOT"}}
{"type":"TOP_TALKER_SNAPSHOT","timestamp":"2026-03-26T12:40:43.507Z","title":"Top talkers snapshot","metadata":{"intervalSec":30,"limit":10,"items":[]}}
{"level":"error","at":"2026-03-26T12:40:43.509Z","message":"API send failed","data":{"message":"","eventType":"TOP_TALKER_SNAPSHOT"}}
{"type":"TOP_TALKER_SNAPSHOT","timestamp":"2026-03-26T12:41:13.510Z","title":"Top talkers snapshot","metadata":{"intervalSec":30,"limit":10,"items":[]}}
{"level":"error","at":"2026-03-26T12:41:13.512Z","message":"API send failed","data":{"message":"","eventType":"TOP_TALKER_SNAPSHOT"}}
{"type":"TOP_TALKER_SNAPSHOT","timestamp":"2026-03-26T12:41:43.520Z","title":"Top talkers snapshot","metadata":{"intervalSec":30,"limit":10,"items":[]}}
{"level":"error","at":"2026-03-26T12:41:43.524Z","message":"API send failed","data":{"message":"","eventType":"TOP_TALKER_SNAPSHOT"}}
{"type":"TOP_TALKER_SNAPSHOT","timestamp":"2026-03-26T12:42:13.523Z","title":"Top talkers snapshot","metadata":{"intervalSec":30,"limit":10,"items":[]}}
{"level":"error","at":"2026-03-26T12:42:13.526Z","message":"API send failed","data":{"message":"","eventType":"TOP_TALKER_SNAPSHOT"}}
{"type":"TOP_TALKER_SNAPSHOT","timestamp":"2026-03-26T12:42:43.528Z","title":"Top talkers snapshot","metadata":{"intervalSec":30,"limit":10,"items":[]}}
{"level":"error","at":"2026-03-26T12:42:43.534Z","message":"API send failed","data":{"message":"","eventType":"TOP_TALKER_SNAPSHOT"}}
{"type":"TOP_TALKER_SNAPSHOT","timestamp":"2026-03-26T12:43:13.533Z","title":"Top talkers snapshot","metadata":{"intervalSec":30,"limit":10,"items":[]}}
{"level":"error","at":"2026-03-26T12:43:13.535Z","message":"API send failed","data":{"message":"","eventType":"TOP_TALKER_SNAPSHOT"}}
{"type":"TOP_TALKER_SNAPSHOT","timestamp":"2026-03-26T12:43:43.533Z","title":"Top talkers snapshot","metadata":{"intervalSec":30,"limit":10,"items":[]}}
{"level":"error","at":"2026-03-26T12:43:43.541Z","message":"API send failed","data":{"message":"","eventType":"TOP_TALKER_SNAPSHOT"}}
{"type":"TOP_TALKER_SNAPSHOT","timestamp":"2026-03-26T12:44:13.538Z","title":"Top talkers snapshot","metadata":{"intervalSec":30,"limit":10,"items":[]}}
{"level":"error","at":"2026-03-26T12:44:13.542Z","message":"API send failed","data":{"message":"","eventType":"TOP_TALKER_SNAPSHOT"}}
